<?xml version="1.0" encoding="UTF-8"?>
<!-- Generated by org.testng.reporters.JUnitReportReporter -->
<testsuite skipped="0" hostname="Admins-iMac-107.local" name="regressionSuite.TestNG_TestClass1" tests="2" failures="0" timestamp="30 Jun 2017 22:49:32 GMT" time="0.015" errors="0">
  <testcase name="testMethodTwo" time="0.006" classname="regressionSuite.TestNG_TestClass1"/>
  <testcase name="testMethodOne" time="0.009" classname="regressionSuite.TestNG_TestClass1"/>
</testsuite> <!-- regressionSuite.TestNG_TestClass1 -->
