<?xml version="1.0" encoding="UTF-8"?>
<!-- Generated by org.testng.reporters.JUnitReportReporter -->
<testsuite skipped="0" hostname="Admins-iMac-107.local" name="testclasses.TestNG_BeforeClassAnnotations" tests="2" failures="0" timestamp="30 Jun 2017 18:57:38 GMT" time="0.010" errors="0">
  <testcase name="testMethodOne" time="0.009" classname="testclasses.TestNG_BeforeClassAnnotations"/>
  <testcase name="testMethodTwo" time="0.001" classname="testclasses.TestNG_BeforeClassAnnotations"/>
</testsuite> <!-- testclasses.TestNG_BeforeClassAnnotations -->
