<?xml version="1.0" encoding="UTF-8"?>
<!-- Generated by org.testng.reporters.JUnitReportReporter -->
<testsuite skipped="0" hostname="Admins-iMac-107.local" name="testclasses.TestNG_TestClass2" tests="2" failures="0" timestamp="30 Jun 2017 21:43:43 GMT" time="0.003" errors="0">
  <testcase name="testMethodTwo" time="0.002" classname="testclasses.TestNG_TestClass2"/>
  <testcase name="testMethodOne" time="0.001" classname="testclasses.TestNG_TestClass2"/>
</testsuite> <!-- testclasses.TestNG_TestClass2 -->
