<?xml version="1.0" encoding="UTF-8"?>
<!-- Generated by org.testng.reporters.JUnitReportReporter -->
<testsuite skipped="0" hostname="Admins-iMac-107.local" name="regressionSuite.TestNG_TestClass2" tests="2" failures="0" timestamp="30 Jun 2017 22:15:09 GMT" time="0.007" errors="0">
  <testcase name="testMethodTwo" time="0.004" classname="regressionSuite.TestNG_TestClass2"/>
  <testcase name="testMethodOne" time="0.003" classname="regressionSuite.TestNG_TestClass2"/>
</testsuite> <!-- regressionSuite.TestNG_TestClass2 -->
