<?xml version="1.0" encoding="UTF-8"?>
<!-- Generated by org.testng.reporters.JUnitReportReporter -->
<testsuite skipped="0" hostname="Admins-iMac-107.local" name="testclasses.TestAnnotation" tests="2" failures="0" timestamp="30 Jun 2017 17:07:29 GMT" time="0.021" errors="0">
  <testcase name="testMethodOne" time="0.015" classname="testclasses.TestAnnotation"/>
  <testcase name="testMethodTwo" time="0.006" classname="testclasses.TestAnnotation"/>
</testsuite> <!-- testclasses.TestAnnotation -->
