<?xml version="1.0" encoding="UTF-8"?>
<!-- Generated by org.testng.reporters.JUnitReportReporter -->
<testsuite skipped="0" hostname="Admins-iMac-107.local" name="testclasses.TestNG_TestClass1" tests="2" failures="0" timestamp="30 Jun 2017 20:44:12 GMT" time="0.012" errors="0">
  <testcase name="testMethodTwo" time="0.004" classname="testclasses.TestNG_TestClass1"/>
  <testcase name="testMethodOne" time="0.008" classname="testclasses.TestNG_TestClass1"/>
</testsuite> <!-- testclasses.TestNG_TestClass1 -->
