<?xml version="1.0" encoding="UTF-8"?>
<!-- Generated by org.testng.reporters.JUnitReportReporter -->
<testsuite skipped="0" hostname="Admins-iMac-107.local" name="testclasses.TestNG_Asserts" tests="3" failures="0" timestamp="30 Jun 2017 18:02:04 GMT" time="0.028" errors="0">
  <testcase name="testSum" time="0.008" classname="testclasses.TestNG_Asserts"/>
  <testcase name="testArrays" time="0.016" classname="testclasses.TestNG_Asserts"/>
  <testcase name="testStrings" time="0.004" classname="testclasses.TestNG_Asserts"/>
</testsuite> <!-- testclasses.TestNG_Asserts -->
